<?xml version="1.0" encoding="UTF-8"?>
<coverage generated="1762108221549" clover="3.2.0">
  <project timestamp="1762108221549" name="All files">
    <metrics statements="60" coveredstatements="32" conditionals="16" coveredconditionals="9" methods="13" coveredmethods="6" elements="89" coveredelements="47" complexity="0" loc="60" ncloc="60" packages="4" files="7" classes="7"/>
    <package name="src">
      <metrics statements="25" coveredstatements="2" conditionals="4" coveredconditionals="0" methods="6" coveredmethods="0"/>
      <file name="AuthContext.tsx" path="/home/febzr/Documentos/Repos/entre-nos/entrenos/src/AuthContext.tsx">
        <metrics statements="24" coveredstatements="1" conditionals="4" coveredconditionals="0" methods="6" coveredmethods="0"/>
        <line num="14" count="1" type="stmt"/>
        <line num="17" count="0" type="stmt"/>
        <line num="20" count="0" type="stmt"/>
        <line num="21" count="0" type="stmt"/>
        <line num="22" count="0" type="stmt"/>
        <line num="23" count="0" type="cond" truecount="0" falsecount="2"/>
        <line num="24" count="0" type="stmt"/>
        <line num="30" count="0" type="stmt"/>
        <line num="31" count="0" type="stmt"/>
        <line num="32" count="0" type="stmt"/>
        <line num="33" count="0" type="stmt"/>
        <line num="36" count="0" type="stmt"/>
        <line num="40" count="0" type="stmt"/>
        <line num="45" count="0" type="stmt"/>
        <line num="46" count="0" type="stmt"/>
        <line num="48" count="0" type="stmt"/>
        <line num="49" count="0" type="stmt"/>
        <line num="53" count="0" type="stmt"/>
        <line num="54" count="0" type="stmt"/>
        <line num="55" count="0" type="stmt"/>
        <line num="58" count="0" type="stmt"/>
        <line num="66" count="0" type="stmt"/>
        <line num="67" count="0" type="cond" truecount="0" falsecount="2"/>
        <line num="68" count="0" type="stmt"/>
      </file>
      <file name="Routes.ts" path="/home/febzr/Documentos/Repos/entre-nos/entrenos/src/Routes.ts">
        <metrics statements="1" coveredstatements="1" conditionals="0" coveredconditionals="0" methods="0" coveredmethods="0"/>
        <line num="2" count="1" type="stmt"/>
      </file>
    </package>
    <package name="src.components.inputs">
      <metrics statements="3" coveredstatements="3" conditionals="4" coveredconditionals="3" methods="1" coveredmethods="1"/>
      <file name="cadastroInput.tsx" path="/home/febzr/Documentos/Repos/entre-nos/entrenos/src/components/inputs/cadastroInput.tsx">
        <metrics statements="2" coveredstatements="2" conditionals="4" coveredconditionals="3" methods="1" coveredmethods="1"/>
        <line num="14" count="1" type="stmt"/>
        <line num="21" count="110" type="stmt"/>
      </file>
      <file name="cadastroInputStyle.tsx" path="/home/febzr/Documentos/Repos/entre-nos/entrenos/src/components/inputs/cadastroInputStyle.tsx">
        <metrics statements="1" coveredstatements="1" conditionals="0" coveredconditionals="0" methods="0" coveredmethods="0"/>
        <line num="3" count="1" type="stmt"/>
      </file>
    </package>
    <package name="src.services">
      <metrics statements="9" coveredstatements="4" conditionals="2" coveredconditionals="0" methods="1" coveredmethods="0"/>
      <file name="api.tsx" path="/home/febzr/Documentos/Repos/entre-nos/entrenos/src/services/api.tsx">
        <metrics statements="9" coveredstatements="4" conditionals="2" coveredconditionals="0" methods="1" coveredmethods="0"/>
        <line num="4" count="1" type="stmt"/>
        <line num="7" count="1" type="stmt"/>
        <line num="15" count="1" type="stmt"/>
        <line num="23" count="1" type="stmt"/>
        <line num="24" count="0" type="stmt"/>
        <line num="25" count="0" type="cond" truecount="0" falsecount="2"/>
        <line num="26" count="0" type="stmt"/>
        <line num="27" count="0" type="stmt"/>
        <line num="29" count="0" type="stmt"/>
      </file>
    </package>
    <package name="src.views.login">
      <metrics statements="23" coveredstatements="23" conditionals="6" coveredconditionals="6" methods="5" coveredmethods="5"/>
      <file name="LoginScreen.tsx" path="/home/febzr/Documentos/Repos/entre-nos/entrenos/src/views/login/LoginScreen.tsx">
        <metrics statements="22" coveredstatements="22" conditionals="6" coveredconditionals="6" methods="5" coveredmethods="5"/>
        <line num="11" count="1" type="stmt"/>
        <line num="13" count="1" type="stmt"/>
        <line num="14" count="55" type="stmt"/>
        <line num="15" count="55" type="stmt"/>
        <line num="16" count="55" type="stmt"/>
        <line num="20" count="55" type="stmt"/>
        <line num="22" count="55" type="stmt"/>
        <line num="23" count="14" type="cond" truecount="4" falsecount="0"/>
        <line num="24" count="5" type="stmt"/>
        <line num="25" count="5" type="stmt"/>
        <line num="28" count="9" type="stmt"/>
        <line num="29" count="9" type="stmt"/>
        <line num="30" count="9" type="stmt"/>
        <line num="31" count="2" type="stmt"/>
        <line num="34" count="5" type="stmt"/>
        <line num="35" count="5" type="stmt"/>
        <line num="37" count="7" type="stmt"/>
        <line num="41" count="55" type="stmt"/>
        <line num="42" count="1" type="stmt"/>
        <line num="45" count="55" type="stmt"/>
        <line num="56" count="11" type="stmt"/>
        <line num="70" count="11" type="stmt"/>
      </file>
      <file name="LoginStyle.tsx" path="/home/febzr/Documentos/Repos/entre-nos/entrenos/src/views/login/LoginStyle.tsx">
        <metrics statements="1" coveredstatements="1" conditionals="0" coveredconditionals="0" methods="0" coveredmethods="0"/>
        <line num="3" count="1" type="stmt"/>
      </file>
    </package>
  </project>
</coverage>
