{"/home/febzr/Documentos/Repos/entre-nos/entrenos/src/AuthContext.tsx": {"path":"/home/febzr/Documentos/Repos/entre-nos/entrenos/src/AuthContext.tsx","statementMap":{"0":{"start":{"line":14,"column":20},"end":{"line":14,"column":73}},"1":{"start":{"line":17,"column":26},"end":{"line":17,"column":46}},"2":{"start":{"line":20,"column":2},"end":{"line":27,"column":9}},"3":{"start":{"line":21,"column":4},"end":{"line":26,"column":9}},"4":{"start":{"line":22,"column":25},"end":{"line":22,"column":60}},"5":{"start":{"line":23,"column":6},"end":{"line":25,"column":7}},"6":{"start":{"line":24,"column":8},"end":{"line":24,"column":40}},"7":{"start":{"line":30,"column":16},"end":{"line":51,"column":3}},"8":{"start":{"line":31,"column":4},"end":{"line":50,"column":5}},"9":{"start":{"line":32,"column":23},"end":{"line":32,"column":86}},"10":{"start":{"line":33,"column":20},"end":{"line":33,"column":40}},"11":{"start":{"line":36,"column":26},"end":{"line":38,"column":8}},"12":{"start":{"line":40,"column":25},"end":{"line":43,"column":7}},"13":{"start":{"line":45,"column":6},"end":{"line":45,"column":26}},"14":{"start":{"line":46,"column":6},"end":{"line":46,"column":70}},"15":{"start":{"line":48,"column":6},"end":{"line":48,"column":43}},"16":{"start":{"line":49,"column":6},"end":{"line":49,"column":16}},"17":{"start":{"line":53,"column":17},"end":{"line":56,"column":3}},"18":{"start":{"line":54,"column":4},"end":{"line":54,"column":18}},"19":{"start":{"line":55,"column":4},"end":{"line":55,"column":43}},"20":{"start":{"line":58,"column":2},"end":{"line":62,"column":4}},"21":{"start":{"line":66,"column":14},"end":{"line":66,"column":37}},"22":{"start":{"line":67,"column":2},"end":{"line":67,"column":72}},"23":{"start":{"line":67,"column":12},"end":{"line":67,"column":72}},"24":{"start":{"line":68,"column":2},"end":{"line":68,"column":13}}},"fnMap":{"0":{"name":"AuthProvider","decl":{"start":{"line":16,"column":16},"end":{"line":16,"column":28}},"loc":{"start":{"line":16,"column":68},"end":{"line":63,"column":1}},"line":16},"1":{"name":"(anonymous_1)","decl":{"start":{"line":20,"column":12},"end":{"line":20,"column":13}},"loc":{"start":{"line":20,"column":18},"end":{"line":27,"column":3}},"line":20},"2":{"name":"(anonymous_2)","decl":{"start":{"line":21,"column":5},"end":{"line":21,"column":6}},"loc":{"start":{"line":21,"column":17},"end":{"line":26,"column":5}},"line":21},"3":{"name":"(anonymous_3)","decl":{"start":{"line":30,"column":16},"end":{"line":30,"column":17}},"loc":{"start":{"line":30,"column":59},"end":{"line":51,"column":3}},"line":30},"4":{"name":"(anonymous_4)","decl":{"start":{"line":53,"column":17},"end":{"line":53,"column":18}},"loc":{"start":{"line":53,"column":29},"end":{"line":56,"column":3}},"line":53},"5":{"name":"useAuth","decl":{"start":{"line":65,"column":16},"end":{"line":65,"column":23}},"loc":{"start":{"line":65,"column":43},"end":{"line":69,"column":1}},"line":65}},"branchMap":{"0":{"loc":{"start":{"line":23,"column":6},"end":{"line":25,"column":7}},"type":"if","locations":[{"start":{"line":23,"column":6},"end":{"line":25,"column":7}},{"start":{},"end":{}}],"line":23},"1":{"loc":{"start":{"line":67,"column":2},"end":{"line":67,"column":72}},"type":"if","locations":[{"start":{"line":67,"column":2},"end":{"line":67,"column":72}},{"start":{},"end":{}}],"line":67}},"s":{"0":1,"1":0,"2":0,"3":0,"4":0,"5":0,"6":0,"7":0,"8":0,"9":0,"10":0,"11":0,"12":0,"13":0,"14":0,"15":0,"16":0,"17":0,"18":0,"19":0,"20":0,"21":0,"22":0,"23":0,"24":0},"f":{"0":0,"1":0,"2":0,"3":0,"4":0,"5":0},"b":{"0":[0,0],"1":[0,0]},"_coverageSchema":"1a1c01bbd47fc00a2c39e90264f33305004495a9","hash":"ee4e4856ac40f66b11cd79ce2635166e928b4850"}
,"/home/febzr/Documentos/Repos/entre-nos/entrenos/src/Routes.ts": {"path":"/home/febzr/Documentos/Repos/entre-nos/entrenos/src/Routes.ts","statementMap":{"0":{"start":{"line":2,"column":22},"end":{"line":11,"column":10}}},"fnMap":{},"branchMap":{},"s":{"0":1},"f":{},"b":{},"_coverageSchema":"1a1c01bbd47fc00a2c39e90264f33305004495a9","hash":"75bb5c5d0ba58bb9ffca18860ee2f9484d89925e"}
,"/home/febzr/Documentos/Repos/entre-nos/entrenos/src/components/inputs/cadastroInput.tsx": {"path":"/home/febzr/Documentos/Repos/entre-nos/entrenos/src/components/inputs/cadastroInput.tsx","statementMap":{"0":{"start":{"line":14,"column":52},"end":{"line":37,"column":1}},"1":{"start":{"line":21,"column":2},"end":{"line":36,"column":4}}},"fnMap":{"0":{"name":"(anonymous_0)","decl":{"start":{"line":14,"column":52},"end":{"line":14,"column":53}},"loc":{"start":{"line":20,"column":6},"end":{"line":37,"column":1}},"line":20}},"branchMap":{"0":{"loc":{"start":{"line":18,"column":2},"end":{"line":18,"column":17}},"type":"default-arg","locations":[{"start":{"line":18,"column":12},"end":{"line":18,"column":17}}],"line":18},"1":{"loc":{"start":{"line":19,"column":2},"end":{"line":19,"column":25}},"type":"default-arg","locations":[{"start":{"line":19,"column":20},"end":{"line":19,"column":25}}],"line":19},"2":{"loc":{"start":{"line":30,"column":7},"end":{"line":34,"column":7}},"type":"binary-expr","locations":[{"start":{"line":30,"column":7},"end":{"line":30,"column":14}},{"start":{"line":31,"column":8},"end":{"line":33,"column":27}}],"line":30}},"s":{"0":1,"1":110},"f":{"0":110},"b":{"0":[110],"1":[55],"2":[110,0]},"_coverageSchema":"1a1c01bbd47fc00a2c39e90264f33305004495a9","hash":"1dcbe8201f3e76db641078ff65e311fbe9d7e4ef"}
,"/home/febzr/Documentos/Repos/entre-nos/entrenos/src/components/inputs/cadastroInputStyle.tsx": {"path":"/home/febzr/Documentos/Repos/entre-nos/entrenos/src/components/inputs/cadastroInputStyle.tsx","statementMap":{"0":{"start":{"line":3,"column":22},"end":{"line":17,"column":2}}},"fnMap":{},"branchMap":{},"s":{"0":1},"f":{},"b":{},"_coverageSchema":"1a1c01bbd47fc00a2c39e90264f33305004495a9","hash":"18f87c3fa70cd317495f0a3d8adeeae0c84f62fd"}
,"/home/febzr/Documentos/Repos/entre-nos/entrenos/src/services/api.tsx": {"path":"/home/febzr/Documentos/Repos/entre-nos/entrenos/src/services/api.tsx","statementMap":{"0":{"start":{"line":4,"column":22},"end":{"line":4,"column":43}},"1":{"start":{"line":7,"column":26},"end":{"line":12,"column":2}},"2":{"start":{"line":15,"column":24},"end":{"line":20,"column":2}},"3":{"start":{"line":23,"column":0},"end":{"line":30,"column":3}},"4":{"start":{"line":24,"column":22},"end":{"line":24,"column":57}},"5":{"start":{"line":25,"column":3},"end":{"line":28,"column":3}},"6":{"start":{"line":26,"column":18},"end":{"line":26,"column":46}},"7":{"start":{"line":27,"column":4},"end":{"line":27,"column":53}},"8":{"start":{"line":29,"column":2},"end":{"line":29,"column":16}}},"fnMap":{"0":{"name":"(anonymous_0)","decl":{"start":{"line":23,"column":34},"end":{"line":23,"column":35}},"loc":{"start":{"line":23,"column":52},"end":{"line":30,"column":1}},"line":23}},"branchMap":{"0":{"loc":{"start":{"line":25,"column":3},"end":{"line":28,"column":3}},"type":"if","locations":[{"start":{"line":25,"column":3},"end":{"line":28,"column":3}},{"start":{},"end":{}}],"line":25}},"s":{"0":1,"1":1,"2":1,"3":1,"4":0,"5":0,"6":0,"7":0,"8":0},"f":{"0":0},"b":{"0":[0,0]},"_coverageSchema":"1a1c01bbd47fc00a2c39e90264f33305004495a9","hash":"8d4cbbf5230982d48ca2b6ba301909fb5c021994"}
,"/home/febzr/Documentos/Repos/entre-nos/entrenos/src/views/login/LoginScreen.tsx": {"path":"/home/febzr/Documentos/Repos/entre-nos/entrenos/src/views/login/LoginScreen.tsx","statementMap":{"0":{"start":{"line":11,"column":19},"end":{"line":11,"column":69}},"1":{"start":{"line":13,"column":20},"end":{"line":92,"column":1}},"2":{"start":{"line":14,"column":21},"end":{"line":14,"column":72}},"3":{"start":{"line":15,"column":20},"end":{"line":15,"column":29}},"4":{"start":{"line":16,"column":34},"end":{"line":19,"column":4}},"5":{"start":{"line":20,"column":32},"end":{"line":20,"column":47}},"6":{"start":{"line":22,"column":22},"end":{"line":39,"column":3}},"7":{"start":{"line":23,"column":4},"end":{"line":26,"column":5}},"8":{"start":{"line":24,"column":6},"end":{"line":24,"column":54}},"9":{"start":{"line":25,"column":6},"end":{"line":25,"column":13}},"10":{"start":{"line":28,"column":4},"end":{"line":28,"column":21}},"11":{"start":{"line":29,"column":4},"end":{"line":38,"column":5}},"12":{"start":{"line":30,"column":6},"end":{"line":30,"column":53}},"13":{"start":{"line":31,"column":6},"end":{"line":31,"column":50}},"14":{"start":{"line":34,"column":6},"end":{"line":34,"column":43}},"15":{"start":{"line":35,"column":6},"end":{"line":35,"column":57}},"16":{"start":{"line":37,"column":6},"end":{"line":37,"column":24}},"17":{"start":{"line":41,"column":30},"end":{"line":43,"column":3}},"18":{"start":{"line":42,"column":4},"end":{"line":42,"column":40}},"19":{"start":{"line":45,"column":2},"end":{"line":91,"column":4}},"20":{"start":{"line":56,"column":38},"end":{"line":56,"column":79}},"21":{"start":{"line":70,"column":38},"end":{"line":70,"column":82}}},"fnMap":{"0":{"name":"(anonymous_0)","decl":{"start":{"line":13,"column":20},"end":{"line":13,"column":21}},"loc":{"start":{"line":13,"column":26},"end":{"line":92,"column":1}},"line":13},"1":{"name":"(anonymous_1)","decl":{"start":{"line":22,"column":22},"end":{"line":22,"column":23}},"loc":{"start":{"line":22,"column":34},"end":{"line":39,"column":3}},"line":22},"2":{"name":"(anonymous_2)","decl":{"start":{"line":41,"column":30},"end":{"line":41,"column":31}},"loc":{"start":{"line":41,"column":36},"end":{"line":43,"column":3}},"line":41},"3":{"name":"(anonymous_3)","decl":{"start":{"line":56,"column":28},"end":{"line":56,"column":29}},"loc":{"start":{"line":56,"column":38},"end":{"line":56,"column":79}},"line":56},"4":{"name":"(anonymous_4)","decl":{"start":{"line":70,"column":28},"end":{"line":70,"column":29}},"loc":{"start":{"line":70,"column":38},"end":{"line":70,"column":82}},"line":70}},"branchMap":{"0":{"loc":{"start":{"line":23,"column":4},"end":{"line":26,"column":5}},"type":"if","locations":[{"start":{"line":23,"column":4},"end":{"line":26,"column":5}},{"start":{},"end":{}}],"line":23},"1":{"loc":{"start":{"line":23,"column":8},"end":{"line":23,"column":45}},"type":"binary-expr","locations":[{"start":{"line":23,"column":8},"end":{"line":23,"column":23}},{"start":{"line":23,"column":27},"end":{"line":23,"column":45}}],"line":23},"2":{"loc":{"start":{"line":81,"column":15},"end":{"line":81,"column":54}},"type":"cond-expr","locations":[{"start":{"line":81,"column":25},"end":{"line":81,"column":38}},{"start":{"line":81,"column":41},"end":{"line":81,"column":54}}],"line":81}},"s":{"0":1,"1":1,"2":55,"3":55,"4":55,"5":55,"6":55,"7":14,"8":5,"9":5,"10":9,"11":9,"12":9,"13":2,"14":5,"15":5,"16":7,"17":55,"18":1,"19":55,"20":11,"21":11},"f":{"0":55,"1":14,"2":1,"3":11,"4":11},"b":{"0":[5,9],"1":[14,11],"2":[9,46]},"_coverageSchema":"1a1c01bbd47fc00a2c39e90264f33305004495a9","hash":"9eefc055366c07c556a8ae4da0782a58aae659fb"}
,"/home/febzr/Documentos/Repos/entre-nos/entrenos/src/views/login/LoginStyle.tsx": {"path":"/home/febzr/Documentos/Repos/entre-nos/entrenos/src/views/login/LoginStyle.tsx","statementMap":{"0":{"start":{"line":3,"column":22},"end":{"line":73,"column":2}}},"fnMap":{},"branchMap":{},"s":{"0":1},"f":{},"b":{},"_coverageSchema":"1a1c01bbd47fc00a2c39e90264f33305004495a9","hash":"b0617c79ef2e0865aba15935880d4001e831f65c"}
}
