TN:
SF:src/AuthContext.tsx
FN:16,AuthProvider
FN:20,(anonymous_1)
FN:21,(anonymous_2)
FN:30,(anonymous_3)
FN:53,(anonymous_4)
FN:65,useAuth
FNF:6
FNH:0
FNDA:0,AuthProvider
FNDA:0,(anonymous_1)
FNDA:0,(anonymous_2)
FNDA:0,(anonymous_3)
FNDA:0,(anonymous_4)
FNDA:0,useAuth
DA:14,1
DA:17,0
DA:20,0
DA:21,0
DA:22,0
DA:23,0
DA:24,0
DA:30,0
DA:31,0
DA:32,0
DA:33,0
DA:36,0
DA:40,0
DA:45,0
DA:46,0
DA:48,0
DA:49,0
DA:53,0
DA:54,0
DA:55,0
DA:58,0
DA:66,0
DA:67,0
DA:68,0
LF:24
LH:1
BRDA:23,0,0,0
BRDA:23,0,1,0
BRDA:67,1,0,0
BRDA:67,1,1,0
BRF:4
BRH:0
end_of_record
TN:
SF:src/Routes.ts
FNF:0
FNH:0
DA:2,1
LF:1
LH:1
BRF:0
BRH:0
end_of_record
TN:
SF:src/components/inputs/cadastroInput.tsx
FN:14,(anonymous_0)
FNF:1
FNH:1
FNDA:110,(anonymous_0)
DA:14,1
DA:21,110
LF:2
LH:2
BRDA:18,0,0,110
BRDA:19,1,0,55
BRDA:30,2,0,110
BRDA:30,2,1,0
BRF:4
BRH:3
end_of_record
TN:
SF:src/components/inputs/cadastroInputStyle.tsx
FNF:0
FNH:0
DA:3,1
LF:1
LH:1
BRF:0
BRH:0
end_of_record
TN:
SF:src/services/api.tsx
FN:23,(anonymous_0)
FNF:1
FNH:0
FNDA:0,(anonymous_0)
DA:4,1
DA:7,1
DA:15,1
DA:23,1
DA:24,0
DA:25,0
DA:26,0
DA:27,0
DA:29,0
LF:9
LH:4
BRDA:25,0,0,0
BRDA:25,0,1,0
BRF:2
BRH:0
end_of_record
TN:
SF:src/views/login/LoginScreen.tsx
FN:13,(anonymous_0)
FN:22,(anonymous_1)
FN:41,(anonymous_2)
FN:56,(anonymous_3)
FN:70,(anonymous_4)
FNF:5
FNH:5
FNDA:55,(anonymous_0)
FNDA:14,(anonymous_1)
FNDA:1,(anonymous_2)
FNDA:11,(anonymous_3)
FNDA:11,(anonymous_4)
DA:11,1
DA:13,1
DA:14,55
DA:15,55
DA:16,55
DA:20,55
DA:22,55
DA:23,14
DA:24,5
DA:25,5
DA:28,9
DA:29,9
DA:30,9
DA:31,2
DA:34,5
DA:35,5
DA:37,7
DA:41,55
DA:42,1
DA:45,55
DA:56,11
DA:70,11
LF:22
LH:22
BRDA:23,0,0,5
BRDA:23,0,1,9
BRDA:23,1,0,14
BRDA:23,1,1,11
BRDA:81,2,0,9
BRDA:81,2,1,46
BRF:6
BRH:6
end_of_record
TN:
SF:src/views/login/LoginStyle.tsx
FNF:0
FNH:0
DA:3,1
LF:1
LH:1
BRF:0
BRH:0
end_of_record
